mode: set
github.com/tylerdimon/bobber/http/endpoints.go:17.65,20.2 2 0
github.com/tylerdimon/bobber/http/endpoints.go:22.89,26.23 3 0
github.com/tylerdimon/bobber/http/endpoints.go:26.23,36.17 3 0
github.com/tylerdimon/bobber/http/endpoints.go:36.17,38.4 1 0
github.com/tylerdimon/bobber/http/endpoints.go:39.3,39.9 1 0
github.com/tylerdimon/bobber/http/endpoints.go:42.2,43.16 2 0
github.com/tylerdimon/bobber/http/endpoints.go:43.16,46.3 2 0
github.com/tylerdimon/bobber/http/endpoints.go:48.2,57.16 3 0
github.com/tylerdimon/bobber/http/endpoints.go:57.16,60.3 2 0
github.com/tylerdimon/bobber/http/endpoints.go:63.2,65.85 2 0
github.com/tylerdimon/bobber/http/namespaces.go:16.67,23.2 6 0
github.com/tylerdimon/bobber/http/namespaces.go:25.82,27.16 2 0
github.com/tylerdimon/bobber/http/namespaces.go:27.16,30.3 2 0
github.com/tylerdimon/bobber/http/namespaces.go:32.2,41.16 3 0
github.com/tylerdimon/bobber/http/namespaces.go:41.16,43.3 1 0
github.com/tylerdimon/bobber/http/namespaces.go:46.82,55.14 7 0
github.com/tylerdimon/bobber/http/namespaces.go:55.14,57.3 1 0
github.com/tylerdimon/bobber/http/namespaces.go:57.8,60.17 3 0
github.com/tylerdimon/bobber/http/namespaces.go:60.17,63.4 2 0
github.com/tylerdimon/bobber/http/namespaces.go:64.3,64.34 1 0
github.com/tylerdimon/bobber/http/namespaces.go:67.2,78.16 3 0
github.com/tylerdimon/bobber/http/namespaces.go:78.16,80.3 1 0
github.com/tylerdimon/bobber/http/namespaces.go:83.79,85.16 2 0
github.com/tylerdimon/bobber/http/namespaces.go:85.16,88.3 2 0
github.com/tylerdimon/bobber/http/namespaces.go:90.2,96.16 3 0
github.com/tylerdimon/bobber/http/namespaces.go:96.16,99.3 2 0
github.com/tylerdimon/bobber/http/namespaces.go:101.2,102.53 2 0
github.com/tylerdimon/bobber/http/namespaces.go:106.82,111.16 4 0
github.com/tylerdimon/bobber/http/namespaces.go:111.16,114.3 2 0
github.com/tylerdimon/bobber/http/namespaces.go:116.2,123.16 4 0
github.com/tylerdimon/bobber/http/namespaces.go:123.16,126.3 2 0
github.com/tylerdimon/bobber/http/namespaces.go:128.2,131.53 3 0
github.com/tylerdimon/bobber/http/namespaces.go:135.86,141.16 5 0
github.com/tylerdimon/bobber/http/namespaces.go:141.16,144.3 2 0
github.com/tylerdimon/bobber/http/namespaces.go:146.2,146.53 1 0
github.com/tylerdimon/bobber/http/requests.go:18.63,28.2 6 1
github.com/tylerdimon/bobber/http/requests.go:30.87,32.16 2 1
github.com/tylerdimon/bobber/http/requests.go:32.16,34.3 1 0
github.com/tylerdimon/bobber/http/requests.go:35.2,38.37 3 1
github.com/tylerdimon/bobber/http/requests.go:38.37,39.28 1 0
github.com/tylerdimon/bobber/http/requests.go:39.28,44.4 1 0
github.com/tylerdimon/bobber/http/requests.go:47.2,60.16 6 1
github.com/tylerdimon/bobber/http/requests.go:60.16,63.3 2 0
github.com/tylerdimon/bobber/http/requests.go:65.2,67.20 2 1
github.com/tylerdimon/bobber/http/requests.go:67.20,69.3 1 0
github.com/tylerdimon/bobber/http/requests.go:69.8,71.3 1 1
github.com/tylerdimon/bobber/http/requests.go:74.86,76.16 2 1
github.com/tylerdimon/bobber/http/requests.go:76.16,79.3 2 0
github.com/tylerdimon/bobber/http/requests.go:81.2,90.16 3 1
github.com/tylerdimon/bobber/http/requests.go:90.16,92.3 1 0
github.com/tylerdimon/bobber/http/requests.go:95.91,96.53 1 1
github.com/tylerdimon/bobber/http/requests.go:96.53,99.3 2 0
github.com/tylerdimon/bobber/http/requests.go:101.2,102.46 2 1
github.com/tylerdimon/bobber/http/requests.go:105.80,110.16 4 1
github.com/tylerdimon/bobber/http/requests.go:110.16,113.3 2 0
github.com/tylerdimon/bobber/http/requests.go:115.2,126.16 4 1
github.com/tylerdimon/bobber/http/requests.go:126.16,128.3 1 0
github.com/tylerdimon/bobber/http/requests.go:131.80,135.59 3 1
github.com/tylerdimon/bobber/http/requests.go:135.59,138.3 2 0
github.com/tylerdimon/bobber/http/requests.go:140.2,141.47 2 1
github.com/tylerdimon/bobber/http/server.go:22.68,24.33 1 1
github.com/tylerdimon/bobber/http/server.go:24.33,25.45 1 1
github.com/tylerdimon/bobber/http/server.go:26.93,27.16 1 1
github.com/tylerdimon/bobber/http/server.go:31.2,31.26 1 1
github.com/tylerdimon/bobber/http/server.go:34.25,47.36 5 0
github.com/tylerdimon/bobber/http/server.go:47.36,51.3 2 0
github.com/tylerdimon/bobber/http/server.go:51.8,55.3 2 0
github.com/tylerdimon/bobber/http/server.go:57.2,74.52 14 0
github.com/tylerdimon/bobber/http/server.go:77.30,81.2 3 0
github.com/tylerdimon/bobber/http/ws.go:15.67,18.2 1 0
github.com/tylerdimon/bobber/http/ws.go:20.86,22.16 2 0
github.com/tylerdimon/bobber/http/ws.go:22.16,24.3 1 0
github.com/tylerdimon/bobber/http/ws.go:25.2,29.6 3 0
github.com/tylerdimon/bobber/http/ws.go:29.6,31.17 2 0
github.com/tylerdimon/bobber/http/ws.go:31.17,33.9 2 0
github.com/tylerdimon/bobber/sqlite/db.go:27.28,33.2 3 0
github.com/tylerdimon/bobber/sqlite/db.go:35.34,36.18 1 1
github.com/tylerdimon/bobber/sqlite/db.go:36.18,38.3 1 0
github.com/tylerdimon/bobber/sqlite/db.go:40.2,40.26 1 1
github.com/tylerdimon/bobber/sqlite/db.go:40.26,41.65 1 0
github.com/tylerdimon/bobber/sqlite/db.go:41.65,43.4 1 0
github.com/tylerdimon/bobber/sqlite/db.go:46.2,46.60 1 1
github.com/tylerdimon/bobber/sqlite/db.go:46.60,48.3 1 0
github.com/tylerdimon/bobber/sqlite/db.go:50.2,50.70 1 1
github.com/tylerdimon/bobber/sqlite/db.go:50.70,52.3 1 0
github.com/tylerdimon/bobber/sqlite/db.go:54.2,54.69 1 1
github.com/tylerdimon/bobber/sqlite/db.go:54.69,56.3 1 0
github.com/tylerdimon/bobber/sqlite/db.go:58.2,58.37 1 1
github.com/tylerdimon/bobber/sqlite/db.go:58.37,60.3 1 0
github.com/tylerdimon/bobber/sqlite/db.go:62.2,62.12 1 1
github.com/tylerdimon/bobber/sqlite/db.go:65.31,66.105 1 1
github.com/tylerdimon/bobber/sqlite/db.go:66.105,68.3 1 0
github.com/tylerdimon/bobber/sqlite/db.go:72.2,73.16 2 1
github.com/tylerdimon/bobber/sqlite/db.go:73.16,75.3 1 0
github.com/tylerdimon/bobber/sqlite/db.go:76.2,79.29 2 1
github.com/tylerdimon/bobber/sqlite/db.go:79.29,80.46 1 1
github.com/tylerdimon/bobber/sqlite/db.go:80.46,82.4 1 0
github.com/tylerdimon/bobber/sqlite/db.go:84.2,84.12 1 1
github.com/tylerdimon/bobber/sqlite/db.go:89.46,91.16 2 1
github.com/tylerdimon/bobber/sqlite/db.go:91.16,93.3 1 0
github.com/tylerdimon/bobber/sqlite/db.go:94.2,98.100 3 1
github.com/tylerdimon/bobber/sqlite/db.go:98.100,100.3 1 0
github.com/tylerdimon/bobber/sqlite/db.go:100.8,100.19 1 1
github.com/tylerdimon/bobber/sqlite/db.go:100.19,102.3 1 0
github.com/tylerdimon/bobber/sqlite/db.go:105.2,105.60 1 1
github.com/tylerdimon/bobber/sqlite/db.go:105.60,107.3 1 0
github.com/tylerdimon/bobber/sqlite/db.go:107.8,107.55 1 1
github.com/tylerdimon/bobber/sqlite/db.go:107.55,109.3 1 0
github.com/tylerdimon/bobber/sqlite/db.go:112.2,112.84 1 1
github.com/tylerdimon/bobber/sqlite/db.go:112.84,114.3 1 0
github.com/tylerdimon/bobber/sqlite/db.go:116.2,116.20 1 1
github.com/tylerdimon/bobber/sqlite/db.go:120.29,125.20 2 1
github.com/tylerdimon/bobber/sqlite/db.go:125.20,127.3 1 1
github.com/tylerdimon/bobber/sqlite/db.go:128.2,128.12 1 0
github.com/tylerdimon/bobber/sqlite/db.go:131.40,132.15 1 1
github.com/tylerdimon/bobber/sqlite/db.go:132.15,134.3 1 0
github.com/tylerdimon/bobber/sqlite/db.go:134.8,136.3 1 1
github.com/tylerdimon/bobber/sqlite/db.go:139.53,142.2 2 1
github.com/tylerdimon/bobber/sqlite/endpoints.go:15.63,20.2 3 0
github.com/tylerdimon/bobber/sqlite/endpoints.go:22.83,27.16 4 0
github.com/tylerdimon/bobber/sqlite/endpoints.go:27.16,30.3 2 0
github.com/tylerdimon/bobber/sqlite/endpoints.go:32.2,33.16 2 0
github.com/tylerdimon/bobber/sqlite/endpoints.go:33.16,36.3 2 0
github.com/tylerdimon/bobber/sqlite/endpoints.go:38.2,39.23 2 0
github.com/tylerdimon/bobber/sqlite/namespaces.go:16.74,22.114 4 1
github.com/tylerdimon/bobber/sqlite/namespaces.go:22.114,24.36 2 1
github.com/tylerdimon/bobber/sqlite/namespaces.go:24.36,26.4 1 1
github.com/tylerdimon/bobber/sqlite/namespaces.go:27.3,27.69 1 0
github.com/tylerdimon/bobber/sqlite/namespaces.go:30.2,33.16 3 1
github.com/tylerdimon/bobber/sqlite/namespaces.go:33.16,36.3 2 0
github.com/tylerdimon/bobber/sqlite/namespaces.go:37.2,39.17 2 1
github.com/tylerdimon/bobber/sqlite/namespaces.go:42.92,45.16 3 1
github.com/tylerdimon/bobber/sqlite/namespaces.go:45.16,48.3 2 0
github.com/tylerdimon/bobber/sqlite/namespaces.go:49.2,52.18 3 1
github.com/tylerdimon/bobber/sqlite/namespaces.go:52.18,57.17 4 0
github.com/tylerdimon/bobber/sqlite/namespaces.go:57.17,60.4 2 0
github.com/tylerdimon/bobber/sqlite/namespaces.go:62.3,64.35 2 0
github.com/tylerdimon/bobber/sqlite/namespaces.go:67.2,67.23 1 1
github.com/tylerdimon/bobber/sqlite/namespaces.go:70.66,75.16 3 1
github.com/tylerdimon/bobber/sqlite/namespaces.go:75.16,78.3 2 0
github.com/tylerdimon/bobber/sqlite/namespaces.go:79.2,82.18 3 1
github.com/tylerdimon/bobber/sqlite/namespaces.go:82.18,87.17 4 1
github.com/tylerdimon/bobber/sqlite/namespaces.go:87.17,90.4 2 0
github.com/tylerdimon/bobber/sqlite/namespaces.go:92.3,94.31 2 1
github.com/tylerdimon/bobber/sqlite/namespaces.go:96.2,96.20 1 1
github.com/tylerdimon/bobber/sqlite/namespaces.go:99.87,105.16 4 1
github.com/tylerdimon/bobber/sqlite/namespaces.go:105.16,107.3 1 1
github.com/tylerdimon/bobber/sqlite/namespaces.go:109.2,110.16 2 1
github.com/tylerdimon/bobber/sqlite/namespaces.go:110.16,112.3 1 0
github.com/tylerdimon/bobber/sqlite/namespaces.go:114.2,114.24 1 1
github.com/tylerdimon/bobber/sqlite/namespaces.go:117.90,120.16 3 1
github.com/tylerdimon/bobber/sqlite/namespaces.go:120.16,123.3 2 0
github.com/tylerdimon/bobber/sqlite/namespaces.go:125.2,126.16 2 1
github.com/tylerdimon/bobber/sqlite/namespaces.go:126.16,129.3 2 0
github.com/tylerdimon/bobber/sqlite/namespaces.go:131.2,131.18 1 1
github.com/tylerdimon/bobber/sqlite/namespaces.go:131.18,135.3 3 1
github.com/tylerdimon/bobber/sqlite/namespaces.go:137.2,137.24 1 1
github.com/tylerdimon/bobber/sqlite/namespaces.go:140.56,142.16 2 1
github.com/tylerdimon/bobber/sqlite/namespaces.go:142.16,145.3 2 0
github.com/tylerdimon/bobber/sqlite/namespaces.go:147.2,147.15 1 1
github.com/tylerdimon/bobber/sqlite/namespaces.go:147.15,148.31 1 1
github.com/tylerdimon/bobber/sqlite/namespaces.go:148.31,150.12 2 0
github.com/tylerdimon/bobber/sqlite/namespaces.go:151.9,151.24 1 1
github.com/tylerdimon/bobber/sqlite/namespaces.go:151.24,153.4 1 0
github.com/tylerdimon/bobber/sqlite/namespaces.go:153.9,155.4 1 1
github.com/tylerdimon/bobber/sqlite/namespaces.go:158.2,161.16 3 1
github.com/tylerdimon/bobber/sqlite/namespaces.go:161.16,164.3 2 0
github.com/tylerdimon/bobber/sqlite/namespaces.go:166.2,166.13 1 1
github.com/tylerdimon/bobber/sqlite/namespaces.go:166.13,170.3 3 1
github.com/tylerdimon/bobber/sqlite/namespaces.go:172.2,173.92 2 1
github.com/tylerdimon/bobber/sqlite/namespaces.go:173.92,176.3 2 0
github.com/tylerdimon/bobber/sqlite/namespaces.go:178.2,179.83 2 1
github.com/tylerdimon/bobber/sqlite/namespaces.go:179.83,182.3 2 0
github.com/tylerdimon/bobber/sqlite/namespaces.go:184.2,184.12 1 1
github.com/tylerdimon/bobber/sqlite/namespaces.go:187.71,189.16 2 1
github.com/tylerdimon/bobber/sqlite/namespaces.go:189.16,191.3 1 0
github.com/tylerdimon/bobber/sqlite/namespaces.go:192.2,195.12 3 1
github.com/tylerdimon/bobber/sqlite/requests.go:20.52,30.16 8 1
github.com/tylerdimon/bobber/sqlite/requests.go:30.16,33.3 2 1
github.com/tylerdimon/bobber/sqlite/requests.go:35.2,35.23 1 1
github.com/tylerdimon/bobber/sqlite/requests.go:35.23,37.17 2 0
github.com/tylerdimon/bobber/sqlite/requests.go:37.17,40.4 2 0
github.com/tylerdimon/bobber/sqlite/requests.go:43.2,48.16 5 1
github.com/tylerdimon/bobber/sqlite/requests.go:48.16,50.3 1 0
github.com/tylerdimon/bobber/sqlite/requests.go:51.2,53.16 2 1
github.com/tylerdimon/bobber/sqlite/requests.go:56.70,65.16 3 1
github.com/tylerdimon/bobber/sqlite/requests.go:65.16,68.3 2 1
github.com/tylerdimon/bobber/sqlite/requests.go:70.2,70.15 1 1
github.com/tylerdimon/bobber/sqlite/requests.go:73.62,82.16 3 1
github.com/tylerdimon/bobber/sqlite/requests.go:82.16,85.3 2 0
github.com/tylerdimon/bobber/sqlite/requests.go:86.2,89.18 3 1
github.com/tylerdimon/bobber/sqlite/requests.go:89.18,91.17 2 1
github.com/tylerdimon/bobber/sqlite/requests.go:91.17,94.4 2 0
github.com/tylerdimon/bobber/sqlite/requests.go:95.3,95.33 1 1
github.com/tylerdimon/bobber/sqlite/requests.go:98.2,98.34 1 1
github.com/tylerdimon/bobber/sqlite/requests.go:98.34,101.3 2 0
github.com/tylerdimon/bobber/sqlite/requests.go:103.2,103.22 1 1
github.com/tylerdimon/bobber/sqlite/requests.go:106.79,111.16 4 0
github.com/tylerdimon/bobber/sqlite/requests.go:111.16,113.3 1 0
github.com/tylerdimon/bobber/sqlite/requests.go:115.2,116.16 2 0
github.com/tylerdimon/bobber/sqlite/requests.go:116.16,119.3 2 0
github.com/tylerdimon/bobber/sqlite/requests.go:120.2,123.31 3 0
github.com/tylerdimon/bobber/sqlite/requests.go:123.31,125.3 1 0
github.com/tylerdimon/bobber/sqlite/requests.go:125.8,128.3 2 0
github.com/tylerdimon/bobber/sqlite/requests.go:130.2,131.31 2 0
github.com/tylerdimon/bobber/sqlite/requests.go:131.31,133.3 1 0
github.com/tylerdimon/bobber/sqlite/requests.go:133.8,136.3 2 0
github.com/tylerdimon/bobber/sqlite/requests.go:138.2,139.16 2 0
github.com/tylerdimon/bobber/sqlite/requests.go:139.16,142.3 2 0
github.com/tylerdimon/bobber/sqlite/requests.go:144.2,144.22 1 0
github.com/tylerdimon/bobber/sqlite/requests.go:147.73,149.16 2 0
github.com/tylerdimon/bobber/sqlite/requests.go:149.16,151.3 1 0
github.com/tylerdimon/bobber/sqlite/requests.go:153.2,154.17 2 0
github.com/tylerdimon/bobber/sqlite/requests.go:157.44,160.2 2 1
github.com/tylerdimon/bobber/sqlite/requests.go:164.103,169.23 4 0
github.com/tylerdimon/bobber/sqlite/requests.go:169.23,172.3 2 0
github.com/tylerdimon/bobber/sqlite/requests.go:174.2,176.8 3 0
github.com/tylerdimon/bobber/sqlite/requests.go:179.75,184.16 4 0
github.com/tylerdimon/bobber/sqlite/requests.go:184.16,187.3 2 0
github.com/tylerdimon/bobber/sqlite/requests.go:188.2,188.11 1 0
github.com/tylerdimon/bobber/sqlite/requests.go:191.104,194.16 3 0
github.com/tylerdimon/bobber/sqlite/requests.go:194.16,198.17 3 0
github.com/tylerdimon/bobber/sqlite/requests.go:198.17,201.4 2 0
github.com/tylerdimon/bobber/sqlite/requests.go:203.2,203.39 1 0
github.com/tylerdimon/bobber/sqlite/test_shared.go:6.19,12.16 4 1
github.com/tylerdimon/bobber/sqlite/test_shared.go:12.16,15.3 2 0
github.com/tylerdimon/bobber/sqlite/test_shared.go:16.2,16.11 1 1
